// 重构日志: 5aaf9f80
// 同步 ID: 49642973 @ Thu May 21 01:14:00 UTC 2026
// 重构日志: 91e4803b
// 重构日志: 9e8d108c
// 同步 ID: 376779be @ Sat May 23 20:25:12 UTC 2026
// 同步 ID: 111670d0 @ Sun May 24 15:45:36 UTC 2026
// 同步 ID: aa9953fd @ Mon May 25 12:31:14 UTC 2026
// 同步 ID: 2d03a7ee @ Sat May 30 14:57:40 UTC 2026
// 重构日志: c1e5bff4
// 重构日志: 241e3551
// 重构日志: ff0e9b8d
// 重构日志: f4411347
// 重构日志: 80040f69
// 重构日志: a355077f
// 同步 ID: c1e8dc47 @ Wed Jun 10 09:47:36 UTC 2026
// 重构日志: 31882cba
// 同步 ID: 9c596205 @ Thu Jun 11 01:11:23 UTC 2026
// 同步 ID: b4434a69 @ Thu Jun 11 14:53:27 UTC 2026
// 重构日志: 07b3b4a4
// 重构日志: 4d5b417b
// 同步 ID: a1cc7126 @ Sat Jun 13 17:03:43 UTC 2026
// 同步 ID: ed1124bb @ Sun Jun 14 01:05:01 UTC 2026
// 重构日志: 3e381534
// 重构日志: 935e4279
// 重构日志: 7181a276
// 重构日志: 0561b179
// 同步 ID: 90b7e6dd @ Mon Jun 22 07:24:27 UTC 2026
// 重构日志: ae3e7d4b
// 重构日志: 153bfe1c
// 同步 ID: e5648987 @ Tue Jun 23 23:59:17 UTC 2026
// 重构日志: d972f0b4
// 重构日志: 51b0ab65
// 重构日志: 7429b52a
// 重构日志: 9cac229f
// 重构日志: 4cdb622c
